This is pdfTeXk, Version 3.141592-1.40.3 (Web2C 7.5.6) (format=latex 2009.4.6)  8 APR 2009 12:37
entering extended mode
 %&-line parsing enabled.
**sanjayv1.tex
(./sanjayv1.tex
LaTeX2e <2005/12/01>
Babel <v3.8h> and hyphenation patterns for english, usenglishmax, dumylang, noh
yphenation, loaded.
IJCAI-09 Instructions for Authors
(/usr/share/texmf-texlive/tex/latex/base/article.cls
Document Class: article 2005/09/16 v1.4f Standard LaTeX document class
(/usr/share/texmf-texlive/tex/latex/base/size10.clo
File: size10.clo 2005/09/16 v1.4f Standard LaTeX file (size option)
)
\c@part=\count79
\c@section=\count80
\c@subsection=\count81
\c@subsubsection=\count82
\c@paragraph=\count83
\c@subparagraph=\count84
\c@figure=\count85
\c@table=\count86
\abovecaptionskip=\skip41
\belowcaptionskip=\skip42
\bibindent=\dimen102
) (./ijcai09.sty
Conference Style, version of 6 September 1995 (revised Nov 2000)
\titlebox=\skip43
Named Citation Style, version of 30 November 1994
) (/usr/share/texmf-texlive/tex/latex/psnfss/times.sty
Package: times 2005/04/12 PSNFSS-v9.2a (SPQR) 
)
No file sanjayv1.aux.
\openout1 = `sanjayv1.aux'.

LaTeX Font Info:    Checking defaults for OML/cmm/m/it on input line 45.
LaTeX Font Info:    ... okay on input line 45.
LaTeX Font Info:    Checking defaults for T1/cmr/m/n on input line 45.
LaTeX Font Info:    ... okay on input line 45.
LaTeX Font Info:    Checking defaults for OT1/cmr/m/n on input line 45.
LaTeX Font Info:    ... okay on input line 45.
LaTeX Font Info:    Checking defaults for OMS/cmsy/m/n on input line 45.
LaTeX Font Info:    ... okay on input line 45.
LaTeX Font Info:    Checking defaults for OMX/cmex/m/n on input line 45.
LaTeX Font Info:    ... okay on input line 45.
LaTeX Font Info:    Checking defaults for U/cmr/m/n on input line 45.
LaTeX Font Info:    ... okay on input line 45.
LaTeX Font Info:    Try loading font information for OT1+ptm on input line 45.
(/usr/share/texmf-texlive/tex/latex/psnfss/ot1ptm.fd
File: ot1ptm.fd 2001/06/04 font definitions for OT1/ptm.
)
LaTeX Font Info:    Font shape `OT1/ptm/bx/n' in size <14.4> not available
(Font)              Font shape `OT1/ptm/b/n' tried instead on input line 47.
LaTeX Font Info:    External font `cmex10' loaded for size
(Font)              <14.4> on input line 47.
LaTeX Font Info:    External font `cmex10' loaded for size
(Font)              <7> on input line 47.
LaTeX Font Info:    External font `cmex10' loaded for size
(Font)              <12> on input line 47.
LaTeX Font Info:    External font `cmex10' loaded for size
(Font)              <8> on input line 47.
LaTeX Font Info:    External font `cmex10' loaded for size
(Font)              <6> on input line 47.
LaTeX Font Info:    Font shape `OT1/ptm/bx/n' in size <12> not available
(Font)              Font shape `OT1/ptm/b/n' tried instead on input line 47.
LaTeX Font Info:    External font `cmex10' loaded for size
(Font)              <9> on input line 47.
LaTeX Font Info:    External font `cmex10' loaded for size
(Font)              <5> on input line 47.
LaTeX Font Info:    Font shape `OT1/ptm/bx/n' in size <10> not available
(Font)              Font shape `OT1/ptm/b/n' tried instead on input line 58.


LaTeX Warning: Citation `roeger:kr' on page 1 undefined on input line 58.

LaTeX Font Info:    Font shape `OT1/ptm/bx/n' in size <10.95> not available
(Font)              Font shape `OT1/ptm/b/n' tried instead on input line 61.

Underfull \hbox (badness 10000) in paragraph at lines 80--87

 []


Underfull \hbox (badness 1286) in paragraph at lines 80--87
\OT1/ptm/m/n/10 (<= (next (cell ?x ?y ?state)) (true (cell ?x ?y ?state))
 []


Underfull \hbox (badness 10000) in paragraph at lines 80--87

 []


Underfull \hbox (badness 10000) in paragraph at lines 80--87

 []


Underfull \hbox (badness 10000) in paragraph at lines 90--91
[]$\OML/cmm/m/it/10 Cell\OT1/cmr/m/n/10 (\OML/cmm/m/it/10 X; Y; Z; do\OT1/cmr/m
/n/10 (\OML/cmm/m/it/10 a; s\OT1/cmr/m/n/10 )) \OMS/cmsy/m/n/10 ^^Q \OT1/cmr/m/
n/10 ((\OML/cmm/m/it/10 Z \OT1/cmr/m/n/10 = \OML/cmm/m/it/10 nolight \OMS/cmsy/
m/n/10 ^
 []


Underfull \hbox (badness 2608) in paragraph at lines 96--97
\OT1/ptm/m/n/10 For ev-ery pred-i-cate, for ev-ery $\OML/cmm/m/it/10 init$ \OT1
/ptm/m/n/10 rule of the form
 []


LaTeX Warning: Citation `roeger:kr' on page 1 undefined on input line 105.


LaTeX Warning: Citation `nebel:jair-2000' on page 1 undefined on input line 107
.


LaTeX Warning: Citation `roeger:kr' on page 1 undefined on input line 118.


LaTeX Warning: Citation `roeger:aaai' on page 1 undefined on input line 124.


Underfull \hbox (badness 2617) in paragraph at lines 124--125
[]\OT1/ptm/m/n/10 The re-quire-ments in The-o-rem 1 are overtly re-stric-
 []

[1



]

LaTeX Warning: Citation `Thiebaux03indefense:jair' on page 2 undefined on input
 line 130.


LaTeX Warning: Citation `Thiebaux03indefense:jair' on page 2 undefined on input
 line 132.


Underfull \hbox (badness 2197) in paragraph at lines 132--133
[]\OT1/ptm/m/n/10 The GDL spec-i-fi-ca-tion re-quires that the de-pen-dency
 []

LaTeX Font Info:    Try loading font information for OMS+ptm on input line 135.

(/usr/share/texmf-texlive/tex/latex/psnfss/omsptm.fd
File: omsptm.fd 
)
LaTeX Font Info:    Font shape `OMS/ptm/m/n' in size <10> not available
(Font)              Font shape `OMS/cmsy/m/n' tried instead on input line 135.


LaTeX Warning: Citation `fluxplayer:aaai07' on page 2 undefined on input line 1
42.


LaTeX Warning: Citation `roeger:aaai' on page 2 undefined on input line 149.


Underfull \hbox (badness 10000) in paragraph at lines 157--158
[]\OT1/ptm/m/n/10 - \OT1/ptm/m/it/10 In each rule, re-place ev-ery oc-cu-rance 
of
 []


Underfull \hbox (badness 10000) in paragraph at lines 159--160
[]$\OML/cmm/m/it/10 predicate\OT1/cmr/m/n/10 (\OML/cmm/m/it/10 t[]; t[]; ::; ^^
]; ::; t[]\OT1/cmr/m/n/10 ) \OMS/cmsy/m/n/10 ^
 []


Underfull \hbox (badness 10000) in paragraph at lines 184--188

 []


LaTeX Warning: Citation `fluxplayer:aaai07' on page 2 undefined on input line 2
02.


LaTeX Warning: Citation `hoffmann:ff' on page 2 undefined on input line 205.


LaTeX Warning: Citation `Thiebaux03indefense:jair' on page 2 undefined on input
 line 208.

No file sanjayv1.bbl.
[2] (./sanjayv1.aux) ) 
Here is how much of TeX's memory you used:
 345 strings out of 95087
 4028 string characters out of 1183279
 53324 words of memory out of 1500000
 3578 multiletter control sequences out of 10000+50000
 13360 words of font info for 39 fonts, out of 1200000 for 2000
 28 hyphenation exceptions out of 8191
 25i,10n,23p,525b,244s stack positions out of 5000i,500n,6000p,200000b,5000s

Output written on sanjayv1.dvi (2 pages, 14108 bytes).
